<?xml version="1.0" encoding="UTF-8"?>
<!-- Generated by org.testng.reporters.JUnitReportReporter -->
<testsuite hostname="INGBTCPIC5NB739" name="TestNGClasses.DBFunction_TestNG" tests="1" failures="0" timestamp="10 Jul 2016 21:30:12 GMT" time="4.839" errors="0">
  <testcase name="DBConnQuery" time="4.839" classname="TestNGClasses.DBFunction_TestNG"/>
</testsuite> <!-- TestNGClasses.DBFunction_TestNG -->
