<?xml version="1.0" encoding="UTF-8"?>
<!-- Generated by org.testng.reporters.JUnitReportReporter -->
<testsuite hostname="INGBTCPIC5NB739" name="TestNGClasses.Write_and_Read_from_DotProperties_File" tests="2" failures="0" timestamp="11 Jul 2016 10:42:42 GMT" time="9.078" errors="0">
  <testcase name="WriteDataInto_DotPropertiesFile" time="0.021" classname="TestNGClasses.Write_and_Read_from_DotProperties_File"/>
  <testcase name="ReadDataFrom_DotPropertiesFile" time="9.057" classname="TestNGClasses.Write_and_Read_from_DotProperties_File"/>
</testsuite> <!-- TestNGClasses.Write_and_Read_from_DotProperties_File -->
