<?xml version="1.0" encoding="UTF-8"?>
<!-- Generated by org.testng.reporters.JUnitReportReporter -->
<testsuite hostname="INGBTCPIC5NB739" name="Scripts.Sample" tests="3" failures="0" timestamp="25 Mar 2016 09:03:17 GMT" time="16.237" errors="0">
  <testcase name="sample1" time="0.018" classname="Scripts.Sample"/>
  <testcase name="postcondition" time="3.344" classname="Scripts.Sample"/>
  <testcase name="preCondition" time="12.875" classname="Scripts.Sample"/>
</testsuite> <!-- Scripts.Sample -->
